<?xml version="1.0" encoding="UTF-8"?>
<!-- Generated by org.testng.reporters.JUnitXMLReporter -->
<testsuite hostname="Marios-MBP" name="Default test" tests="7" failures="0" timestamp="27 Mar 2020 18:40:27 GMT" time="0.093" errors="0">
  <testcase name="fizzBuzzGenerator_invalidCustomRange_shouldThrowErrorAndReturnEmptyList" time="0.026" classname="takehome.assessment.fizzbuzz_api.FizzBuzzTest"/>
  <testcase name="fizzBuzzGenerator_invalidCustomValues_shouldThrowErrorAndReturnEmptyList" time="0.003" classname="takehome.assessment.fizzbuzz_api.FizzBuzzTest"/>
  <testcase name="fizzBuzzGenerator_multipleOfFive_shouldReturnBuzz" time="0.003" classname="takehome.assessment.fizzbuzz_api.FizzBuzzTest"/>
  <testcase name="fizzBuzzGenerator_multipleOfThreeFive_shouldReturnFizzBuzz" time="0.004" classname="takehome.assessment.fizzbuzz_api.FizzBuzzTest"/>
  <testcase name="fizzBuzzGenerator_multipleOfThree_shouldReturnFizz" time="0.002" classname="takehome.assessment.fizzbuzz_api.FizzBuzzTest"/>
  <testcase name="fizzBuzzGenerator_nonMultipleOfThreeFive_shouldReturnPlainValue" time="0.002" classname="takehome.assessment.fizzbuzz_api.FizzBuzzTest"/>
  <testcase name="fizzBuzzGenerator_rangeFromOneToFifty_shouldReturnOneAsInitialFiftyAsFinal" time="0.002" classname="takehome.assessment.fizzbuzz_api.FizzBuzzTest"/>
</testsuite> <!-- Default test -->
